<?xml version="1.0" encoding="UTF-8"?>
<!-- Generated by org.testng.reporters.JUnitReportReporter -->
<testsuite hostname="Sun0922" failures="0" tests="5" name="org.example.demo111.TestCase.TestTestNGSequence" time="0.027" errors="0" timestamp="16 9æœˆ 2024 14:13:11 GMT" skipped="0">
  <testcase classname="org.example.demo111.TestCase.TestTestNGSequence" name="Addition_11" time="0.005"/>
  <testcase classname="org.example.demo111.TestCase.TestTestNGSequence" name="testDivision" time="0.005"/>
  <testcase classname="org.example.demo111.TestCase.TestTestNGSequence" name="test_Parameters" time="0.006"/>
  <testcase classname="org.example.demo111.TestCase.TestTestNGSequence" name="test_Parameters" time="0.006"/>
  <testcase classname="org.example.demo111.TestCase.TestTestNGSequence" name="test_Parameters" time="0.005"/>
</testsuite> <!-- org.example.demo111.TestCase.TestTestNGSequence -->
