<?xml version="1.0" encoding="UTF-8"?>
<!-- Generated by org.testng.reporters.JUnitReportReporter -->
<testsuite hostname="Sun0922" failures="0" tests="5" name="org.example.demo111.TestCase.TestTestNGSequence" time="0.025" errors="0" timestamp="10 9æœˆ 2024 02:54:12 GMT" skipped="0">
  <testcase classname="org.example.demo111.TestCase.TestTestNGSequence" name="testDivision" time="0.004"/>
  <testcase classname="org.example.demo111.TestCase.TestTestNGSequence" name="Addition_11" time="0.004"/>
  <testcase classname="org.example.demo111.TestCase.TestTestNGSequence" name="test_Parameters" time="0.005"/>
  <testcase classname="org.example.demo111.TestCase.TestTestNGSequence" name="test_Parameters" time="0.005"/>
  <testcase classname="org.example.demo111.TestCase.TestTestNGSequence" name="test_Parameters" time="0.007"/>
</testsuite> <!-- org.example.demo111.TestCase.TestTestNGSequence -->
