<?xml version="1.0" encoding="UTF-8"?>
<!-- Generated by org.testng.reporters.JUnitReportReporter -->
<testsuite hostname="Sun0922" failures="0" tests="4" name="org.example.demo111.TestCase.TC1" time="0.008" errors="0" timestamp="09 9æœˆ 2024 17:45:14 GMT" skipped="0">
  <testcase classname="org.example.demo111.TestCase.TC1" name="testcase2" time="0.002"/>
  <testcase classname="org.example.demo111.TestCase.TC1" name="testcase2" time="0.002"/>
  <testcase classname="org.example.demo111.TestCase.TC1" name="testcase1" time="0.001"/>
  <testcase classname="org.example.demo111.TestCase.TC1" name="testcase2" time="0.003"/>
</testsuite> <!-- org.example.demo111.TestCase.TC1 -->
