<?xml version="1.0" encoding="UTF-8"?>
<!-- Generated by org.testng.reporters.JUnitReportReporter -->
<testsuite hostname="Sun0922" failures="0" tests="6" name="org.example.demo111.TestCase.ExcelDataTest" time="0.537" errors="0" timestamp="16 9æœˆ 2024 14:13:11 GMT" skipped="0">
  <testcase classname="org.example.demo111.TestCase.ExcelDataTest" name="testLogin" time="0.012"/>
  <testcase classname="org.example.demo111.TestCase.ExcelDataTest" name="testLogin" time="0.012"/>
  <testcase classname="org.example.demo111.TestCase.ExcelDataTest" name="testLogin" time="0.480"/>
  <testcase classname="org.example.demo111.TestCase.ExcelDataTest" name="testLogin" time="0.016"/>
  <testcase classname="org.example.demo111.TestCase.ExcelDataTest" name="testLogin" time="0.009"/>
  <testcase classname="org.example.demo111.TestCase.ExcelDataTest" name="testLogin" time="0.008"/>
</testsuite> <!-- org.example.demo111.TestCase.ExcelDataTest -->
