<?xml version="1.0" encoding="UTF-8"?>
<!-- Generated by org.testng.reporters.JUnitReportReporter -->
<testsuite hostname="Sun0922" failures="0" tests="1" name="org.example.demo111.TestCase.MyTestExcel" time="0.000" errors="0" timestamp="01 9æœˆ 2024 01:06:49 GMT" skipped="1">
  <testcase classname="org.example.demo111.TestCase.MyTestExcel" name="testByExcel_Body" time="0.000">
    <skipped/>
  </testcase> <!-- testByExcel_Body -->
</testsuite> <!-- org.example.demo111.TestCase.MyTestExcel -->
